Message[305] G:\HW\FINISHEDASSIGNMENTS\ASSIGNMENT 07\ASSIGNMENT 07M.ASM 75 : Using default destination of 1 (file).
Message[305] G:\HW\FINISHEDASSIGNMENTS\ASSIGNMENT 07\ASSIGNMENT 07M.ASM 77 : Using default destination of 1 (file).
Warning[205] G:\HW\FINISHEDASSIGNMENTS\ASSIGNMENT 07\ASSIGNMENT 07M.ASM 86 : Found directive in column 1. (banksel)
Warning[203] G:\HW\FINISHEDASSIGNMENTS\ASSIGNMENT 07\ASSIGNMENT 07M.ASM 87 : Found opcode in column 1. (clrf)
Message[302] G:\HW\FINISHEDASSIGNMENTS\ASSIGNMENT 07\ASSIGNMENT 07M.ASM 87 : Register in operand not in bank 0.  Ensure that bank bits are correct.
Warning[203] G:\HW\FINISHEDASSIGNMENTS\ASSIGNMENT 07\ASSIGNMENT 07M.ASM 88 : Found opcode in column 1. (movlw)
Warning[203] G:\HW\FINISHEDASSIGNMENTS\ASSIGNMENT 07\ASSIGNMENT 07M.ASM 89 : Found opcode in column 1. (movwf)
Message[302] G:\HW\FINISHEDASSIGNMENTS\ASSIGNMENT 07\ASSIGNMENT 07M.ASM 89 : Register in operand not in bank 0.  Ensure that bank bits are correct.
Warning[205] G:\HW\FINISHEDASSIGNMENTS\ASSIGNMENT 07\ASSIGNMENT 07M.ASM 91 : Found directive in column 1. (banksel)
Warning[203] G:\HW\FINISHEDASSIGNMENTS\ASSIGNMENT 07\ASSIGNMENT 07M.ASM 92 : Found opcode in column 1. (movlw)
Warning[203] G:\HW\FINISHEDASSIGNMENTS\ASSIGNMENT 07\ASSIGNMENT 07M.ASM 93 : Found opcode in column 1. (movwf)
Message[302] G:\HW\FINISHEDASSIGNMENTS\ASSIGNMENT 07\ASSIGNMENT 07M.ASM 93 : Register in operand not in bank 0.  Ensure that bank bits are correct.
Warning[205] G:\HW\FINISHEDASSIGNMENTS\ASSIGNMENT 07\ASSIGNMENT 07M.ASM 94 : Found directive in column 1. (banksel)
Warning[203] G:\HW\FINISHEDASSIGNMENTS\ASSIGNMENT 07\ASSIGNMENT 07M.ASM 95 : Found opcode in column 1. (movlw)
Warning[203] G:\HW\FINISHEDASSIGNMENTS\ASSIGNMENT 07\ASSIGNMENT 07M.ASM 96 : Found opcode in column 1. (movwf)
Warning[205] G:\HW\FINISHEDASSIGNMENTS\ASSIGNMENT 07\ASSIGNMENT 07M.ASM 98 : Found directive in column 1. (banksel)
Warning[203] G:\HW\FINISHEDASSIGNMENTS\ASSIGNMENT 07\ASSIGNMENT 07M.ASM 99 : Found opcode in column 1. (CLRF)
Message[302] G:\HW\FINISHEDASSIGNMENTS\ASSIGNMENT 07\ASSIGNMENT 07M.ASM 99 : Register in operand not in bank 0.  Ensure that bank bits are correct.
Warning[203] G:\HW\FINISHEDASSIGNMENTS\ASSIGNMENT 07\ASSIGNMENT 07M.ASM 100 : Found opcode in column 1. (CLRF)
Message[302] G:\HW\FINISHEDASSIGNMENTS\ASSIGNMENT 07\ASSIGNMENT 07M.ASM 100 : Register in operand not in bank 0.  Ensure that bank bits are correct.
Warning[205] G:\HW\FINISHEDASSIGNMENTS\ASSIGNMENT 07\ASSIGNMENT 07M.ASM 101 : Found directive in column 1. (banksel)
Warning[203] G:\HW\FINISHEDASSIGNMENTS\ASSIGNMENT 07\ASSIGNMENT 07M.ASM 102 : Found opcode in column 1. (clrf)
Warning[203] G:\HW\FINISHEDASSIGNMENTS\ASSIGNMENT 07\ASSIGNMENT 07M.ASM 103 : Found opcode in column 1. (bcf)
Warning[203] G:\HW\FINISHEDASSIGNMENTS\ASSIGNMENT 07\ASSIGNMENT 07M.ASM 105 : Found opcode in column 1. (movlw)
Warning[203] G:\HW\FINISHEDASSIGNMENTS\ASSIGNMENT 07\ASSIGNMENT 07M.ASM 106 : Found opcode in column 1. (movwf)
Warning[203] G:\HW\FINISHEDASSIGNMENTS\ASSIGNMENT 07\ASSIGNMENT 07M.ASM 109 : Found opcode in column 1. (btfss)
Warning[203] G:\HW\FINISHEDASSIGNMENTS\ASSIGNMENT 07\ASSIGNMENT 07M.ASM 110 : Found opcode in column 1. (goto)
Warning[203] G:\HW\FINISHEDASSIGNMENTS\ASSIGNMENT 07\ASSIGNMENT 07M.ASM 111 : Found opcode in column 1. (bcf)
Warning[203] G:\HW\FINISHEDASSIGNMENTS\ASSIGNMENT 07\ASSIGNMENT 07M.ASM 112 : Found opcode in column 1. (call)
Warning[203] G:\HW\FINISHEDASSIGNMENTS\ASSIGNMENT 07\ASSIGNMENT 07M.ASM 113 : Found opcode in column 1. (rlf)
Message[305] G:\HW\FINISHEDASSIGNMENTS\ASSIGNMENT 07\ASSIGNMENT 07M.ASM 113 : Using default destination of 1 (file).
Warning[203] G:\HW\FINISHEDASSIGNMENTS\ASSIGNMENT 07\ASSIGNMENT 07M.ASM 114 : Found opcode in column 1. (btfss)
Warning[203] G:\HW\FINISHEDASSIGNMENTS\ASSIGNMENT 07\ASSIGNMENT 07M.ASM 115 : Found opcode in column 1. (goto)
Warning[203] G:\HW\FINISHEDASSIGNMENTS\ASSIGNMENT 07\ASSIGNMENT 07M.ASM 116 : Found opcode in column 1. (bsf)
Warning[203] G:\HW\FINISHEDASSIGNMENTS\ASSIGNMENT 07\ASSIGNMENT 07M.ASM 117 : Found opcode in column 1. (bcf)
Warning[203] G:\HW\FINISHEDASSIGNMENTS\ASSIGNMENT 07\ASSIGNMENT 07M.ASM 118 : Found opcode in column 1. (goto)
Warning[203] G:\HW\FINISHEDASSIGNMENTS\ASSIGNMENT 07\ASSIGNMENT 07M.ASM 133 : Found opcode in column 1. (goto)
Warning[203] G:\HW\FINISHEDASSIGNMENTS\ASSIGNMENT 07\ASSIGNMENT 07M.ASM 136 : Found opcode in column 1. (movlw)
Warning[203] G:\HW\FINISHEDASSIGNMENTS\ASSIGNMENT 07\ASSIGNMENT 07M.ASM 137 : Found opcode in column 1. (movwf)
Warning[203] G:\HW\FINISHEDASSIGNMENTS\ASSIGNMENT 07\ASSIGNMENT 07M.ASM 138 : Found opcode in column 1. (bcf)
Warning[203] G:\HW\FINISHEDASSIGNMENTS\ASSIGNMENT 07\ASSIGNMENT 07M.ASM 139 : Found opcode in column 1. (goto)
